============================================================
  Generated by:           Genus(TM) Synthesis Solution 21.19-s055_1
  Generated on:           Nov 28 2025  10:15:35 pm
  Module:                 onset_detector
  Technology libraries:   tcbn65gplustc_ccs 200
                          physical_cells 
  Operating conditions:   NCCOM 
  Interconnect mode:      global
  Area mode:              physical library
============================================================

         Instance                 Module         Cell Count  Cell Area  Net Area   Total Area 
----------------------------------------------------------------------------------------------
onset_detector                                          589   3312.000  1185.728     4497.728 
  u1_adder_16bit          adder_18bit                    18    155.880    16.493      172.373 
  u1_mult10X8             mult10X8                      127    723.240   181.153      904.393 
  u2_adder_16bit          adder_18bit_130                18    155.880    16.493      172.373 
  u2_mult10X8             mult10X8_132                  127    723.240   181.153      904.393 
  u_class1_top_channels   class1_top_channels            31    107.640    37.489      145.129 
  u_class2_top_channels   class2_top_channels            38    121.320    44.753      166.073 
  u_counter_gen           counter_gen                    29    187.920    35.226      223.146 
  u_dual_threshold_class1 dual_thresholding              60    320.400    77.566      397.966 
  u_dual_threshold_class2 dual_thresholding_131          60    320.400    77.566      397.966 
  u_mux8X1                mux8X1                         40    115.920    55.575      171.495 
