============================================================
  Generated by:           Genus(TM) Synthesis Solution 21.19-s055_1
  Generated on:           Nov 28 2025  10:15:35 pm
  Module:                 onset_detector
  Technology libraries:   tcbn65gplustc_ccs 200
                          physical_cells 
  Operating conditions:   NCCOM 
  Interconnect mode:      global
  Area mode:              physical library
============================================================

                               
   Gate    Instances    Area          Library       
----------------------------------------------------
AN2D2              1     2.520    tcbn65gplustc_ccs 
AN2XD1           134   289.440    tcbn65gplustc_ccs 
AN3D1              1     2.520    tcbn65gplustc_ccs 
AN3XD1             1     2.520    tcbn65gplustc_ccs 
AO211D0            4    11.520    tcbn65gplustc_ccs 
AO21D0             5    12.600    tcbn65gplustc_ccs 
AO221D0           10    36.000    tcbn65gplustc_ccs 
AOI211D0           2     5.040    tcbn65gplustc_ccs 
AOI21D0            1     2.160    tcbn65gplustc_ccs 
AOI21D1            2     4.320    tcbn65gplustc_ccs 
AOI222D0          10    36.000    tcbn65gplustc_ccs 
CKND2D0            8    11.520    tcbn65gplustc_ccs 
CKND2D1            4     5.760    tcbn65gplustc_ccs 
CKXOR2D1           6    21.600    tcbn65gplustc_ccs 
CMPE42D1          44   728.640    tcbn65gplustc_ccs 
DFD1               2    14.400    tcbn65gplustc_ccs 
DFKCND1            2    16.560    tcbn65gplustc_ccs 
DFKCNQD1           3    21.600    tcbn65gplustc_ccs 
DFKSND1            8    72.000    tcbn65gplustc_ccs 
DFQD1              9    61.560    tcbn65gplustc_ccs 
EDFKCND1          32   334.080    tcbn65gplustc_ccs 
EDFKCNQD1         43   433.440    tcbn65gplustc_ccs 
EDFQD1             2    18.720    tcbn65gplustc_ccs 
FA1D0             64   576.000    tcbn65gplustc_ccs 
HA1D0             24   138.240    tcbn65gplustc_ccs 
IIND4D0            1     3.600    tcbn65gplustc_ccs 
IINR4D0            1     3.600    tcbn65gplustc_ccs 
IND2D0             4     8.640    tcbn65gplustc_ccs 
IND2D1             1     2.160    tcbn65gplustc_ccs 
IND3D0             1     2.520    tcbn65gplustc_ccs 
IND4D0            10    28.800    tcbn65gplustc_ccs 
INR2D0             6    12.960    tcbn65gplustc_ccs 
INR2D1             1     2.160    tcbn65gplustc_ccs 
INR3D0             2     5.040    tcbn65gplustc_ccs 
INR4D0             3     8.640    tcbn65gplustc_ccs 
INVD1             18    19.440    tcbn65gplustc_ccs 
IOA21D1           10    25.200    tcbn65gplustc_ccs 
MUX2ND0            3     8.640    tcbn65gplustc_ccs 
ND2D1              4     5.760    tcbn65gplustc_ccs 
ND3D0              1     2.160    tcbn65gplustc_ccs 
NR2D0              9    12.960    tcbn65gplustc_ccs 
NR2D1              1     1.440    tcbn65gplustc_ccs 
NR2XD0             7    10.080    tcbn65gplustc_ccs 
NR3D0              6    12.960    tcbn65gplustc_ccs 
NR4D0              7    17.640    tcbn65gplustc_ccs 
OA21D1             2     5.040    tcbn65gplustc_ccs 
OAI211D0           2     5.040    tcbn65gplustc_ccs 
OAI21D0            3     6.480    tcbn65gplustc_ccs 
OAI21D1            2     4.320    tcbn65gplustc_ccs 
OAI33D0            2     6.480    tcbn65gplustc_ccs 
OR2D0              2     4.320    tcbn65gplustc_ccs 
OR2XD1             1     2.160    tcbn65gplustc_ccs 
OR4D0             13    37.440    tcbn65gplustc_ccs 
OR4D2              1     3.240    tcbn65gplustc_ccs 
SDFKCNQD0          3    30.240    tcbn65gplustc_ccs 
XNR2D1            33   118.800    tcbn65gplustc_ccs 
XOR2D1             3    10.800    tcbn65gplustc_ccs 
XOR3D0             2    12.240    tcbn65gplustc_ccs 
XOR3D1             2    12.240    tcbn65gplustc_ccs 
----------------------------------------------------
total            589  3312.000                      


                                         
     Type      Instances   Area   Area % 
-----------------------------------------
sequential           104 1002.600   30.3 
inverter              18   19.440    0.6 
logic                467 2289.960   69.1 
physical_cells         0    0.000    0.0 
-----------------------------------------
total                589 3312.000  100.0 

