============================================================
  Generated by:           Genus(TM) Synthesis Solution 21.19-s055_1
  Generated on:           Nov 28 2025  10:15:35 pm
  Module:                 onset_detector
  Technology libraries:   tcbn65gplustc_ccs 200
                          physical_cells 
  Operating conditions:   NCCOM 
  Interconnect mode:      global
  Area mode:              physical library
============================================================

	Timing
	------

  Slack            Endpoint          Cost Group 
-----------------------------------------------------
+58699ps class_activity_reg[0][17]/D clk        


	Area
	----

   Instance    Module  Cell Count  Cell Area  Net Area   Total Area 
--------------------------------------------------------------------
onset_detector                589   3312.000  1185.728     4497.728 

	Design Rule Check
	-----------------

Max_transition design rule: no violations.

Max_capacitance design rule: no violations.



