============================================================
  Generated by:           Genus(TM) Synthesis Solution 21.19-s055_1
  Generated on:           Nov 29 2025  07:30:38 am
  Module:                 mac_shift_1mult
  Technology libraries:   tcbn65gplustc_ccs 200
                          physical_cells 
  Operating conditions:   NCCOM 
  Interconnect mode:      global
  Area mode:              physical library
============================================================

                               
  Gate    Instances    Area           Library       
----------------------------------------------------
AN2D8             9     61.560    tcbn65gplustc_ccs 
AN4D1            15     43.200    tcbn65gplustc_ccs 
AO211D0           1      2.880    tcbn65gplustc_ccs 
AO221D0         522   1879.200    tcbn65gplustc_ccs 
AO222D0          11     47.520    tcbn65gplustc_ccs 
AO22D0          335    964.800    tcbn65gplustc_ccs 
AO31D0           24     69.120    tcbn65gplustc_ccs 
AOI211D0         10     25.200    tcbn65gplustc_ccs 
AOI221D0        523   1506.240    tcbn65gplustc_ccs 
AOI222D0         72    259.200    tcbn65gplustc_ccs 
AOI22D0        1052   2651.040    tcbn65gplustc_ccs 
AOI31D0          85    214.200    tcbn65gplustc_ccs 
AOI32D0           2      5.760    tcbn65gplustc_ccs 
AOI33D0           1      3.240    tcbn65gplustc_ccs 
CKAN2D1          12     25.920    tcbn65gplustc_ccs 
CKND0             1      1.080    tcbn65gplustc_ccs 
CKND16           10     79.200    tcbn65gplustc_ccs 
CKND2D0          89    128.160    tcbn65gplustc_ccs 
CKND4             4     10.080    tcbn65gplustc_ccs 
CKXOR2D0          2      7.200    tcbn65gplustc_ccs 
DFCND1            1      8.640    tcbn65gplustc_ccs 
DFCNQD1          28    221.760    tcbn65gplustc_ccs 
EDFQD1         5046  47230.560    tcbn65gplustc_ccs 
FA1D0             2     18.000    tcbn65gplustc_ccs 
HA1D0             9     51.840    tcbn65gplustc_ccs 
IAO21D0           1      2.520    tcbn65gplustc_ccs 
IINR4D0           1      3.600    tcbn65gplustc_ccs 
IND2D0            2      4.320    tcbn65gplustc_ccs 
IND2D1            2      4.320    tcbn65gplustc_ccs 
IND3D1            1      2.520    tcbn65gplustc_ccs 
IND4D0           10     28.800    tcbn65gplustc_ccs 
INR2D0           10     21.600    tcbn65gplustc_ccs 
INR2D1            6     12.960    tcbn65gplustc_ccs 
INR2XD0           1      2.160    tcbn65gplustc_ccs 
INR4D0           19     54.720    tcbn65gplustc_ccs 
INVD1            50     54.000    tcbn65gplustc_ccs 
INVD12            5     30.600    tcbn65gplustc_ccs 
INVD2             4      5.760    tcbn65gplustc_ccs 
IOA21D0           3      7.560    tcbn65gplustc_ccs 
MAOI22D0          1      2.880    tcbn65gplustc_ccs 
MOAI22D0          2      5.760    tcbn65gplustc_ccs 
MUX2D0            1      3.240    tcbn65gplustc_ccs 
MUX2ND0           1      2.880    tcbn65gplustc_ccs 
ND2D0            32     46.080    tcbn65gplustc_ccs 
ND2D1             4      5.760    tcbn65gplustc_ccs 
ND3D0             9     19.440    tcbn65gplustc_ccs 
ND4D0           311    783.720    tcbn65gplustc_ccs 
NR2D0            57     82.080    tcbn65gplustc_ccs 
NR2XD0          510    734.400    tcbn65gplustc_ccs 
NR4D0             3      7.560    tcbn65gplustc_ccs 
OA211D0           1      2.880    tcbn65gplustc_ccs 
OA21D1            2      5.040    tcbn65gplustc_ccs 
OA221D0           4     14.400    tcbn65gplustc_ccs 
OA22D0            1      2.880    tcbn65gplustc_ccs 
OAI211D0          2      5.040    tcbn65gplustc_ccs 
OAI221D0         16     46.080    tcbn65gplustc_ccs 
OAI222D0          5     16.200    tcbn65gplustc_ccs 
OAI22D0           8     20.160    tcbn65gplustc_ccs 
OR2D0            15     32.400    tcbn65gplustc_ccs 
OR2D1            17     36.720    tcbn65gplustc_ccs 
OR4D0             2      5.760    tcbn65gplustc_ccs 
SDFCNQD1          4     41.760    tcbn65gplustc_ccs 
XNR2D0            1      3.600    tcbn65gplustc_ccs 
XNR2D1            4     14.400    tcbn65gplustc_ccs 
----------------------------------------------------
total          8994  57692.160                      


                                          
     Type      Instances    Area   Area % 
------------------------------------------
sequential          5079 47502.720   82.3 
inverter              74   180.720    0.3 
logic               3841 10008.720   17.3 
physical_cells         0     0.000    0.0 
------------------------------------------
total               8994 57692.160  100.0 

