============================================================
  Generated by:           Genus(TM) Synthesis Solution 21.19-s055_1
  Generated on:           Nov 29 2025  07:30:39 am
  Module:                 mac_shift_1mult
  Technology libraries:   tcbn65gplustc_ccs 200
                          physical_cells 
  Operating conditions:   NCCOM 
  Interconnect mode:      global
  Area mode:              physical library
============================================================

	Timing
	------

No paths found.


	Area
	----

    Instance    Module  Cell Count  Cell Area  Net Area   Total Area 
---------------------------------------------------------------------
mac_shift_1mult               8994  57692.160 16411.723    74103.883 

	Design Rule Check
	-----------------

Max_transition design rule: no violations.

Max_capacitance design rule: no violations.



