============================================================
  Generated by:           Genus(TM) Synthesis Solution 21.19-s055_1
  Generated on:           Nov 29 2025  07:30:37 am
  Module:                 mac_shift_1mult
  Technology libraries:   tcbn65gplustc_ccs 200
                          physical_cells 
  Operating conditions:   NCCOM 
  Interconnect mode:      global
  Area mode:              physical library
============================================================

        Pin             Type     Fanout  Load Slew Delay Arrival   
                                         (fF) (ps)  (ps)   (ps)    
-------------------------------------------------------------------
channel_counter
  count_reg[1]/CP                                0    +0       0 R 
  count_reg[1]/Q       DFCNQD1       14  25.4   95  +139     139 F 
channel_counter/count[1] 
g162287/A1                                            +0     139   
g162287/ZN             CKND2D0        2   4.3   83   +69     208 R 
g162281/I                                             +0     208   
g162281/ZN             INVD1          3  11.8   57   +49     257 F 
g162218/A1                                            +0     257   
g162218/Z              AN2D8        311 482.0  213  +157     414 F 
g161587/B2                                            +0     414   
g161587/Z              AO22D0         1   2.4   37  +107     521 F 
g160503/C                                             +0     521   
g160503/Z              AO221D0        1   2.4   44  +115     636 F 
g160194/C                                             +0     636   
g160194/Z              AO221D0        1   2.4   43  +117     753 F 
g159939__7482/C                                       +0     753   
g159939__7482/ZN       AOI221D0       1   2.4  149  +114     866 R 
g159517__1881/A1                                      +0     866   
g159517__1881/ZN       AOI31D0        1   2.4   88   +70     936 F 
g159320__6131/A2                                      +0     936   
g159320__6131/ZN       NR2D0          1   2.5   80   +65    1001 R 
g159176__5122/A1                                      +0    1001   
g159176__5122/Z        OA22D0         1   2.4   41   +62    1063 R 
g159146__2802/C                                       +0    1063   
g159146__2802/Z        OA221D0        1   2.5   45   +86    1149 R 
g159090__2802/C                                       +0    1149   
g159090__2802/ZN       OAI221D0       1   2.4   98   +70    1218 F 
g159074__9945/B                                       +0    1218   
g159074__9945/ZN       IAO21D0        1   2.4   80   +66    1285 R 
g159059__6783/C                                       +0    1285   
g159059__6783/ZN       OAI211D0       1   2.4   87   +64    1348 F 
g159039__1881/A1                                      +0    1348   
g159039__1881/ZN       AOI222D0       1   2.5  158  +107    1456 R 
g159025__4319/A1                                      +0    1456   
g159025__4319/ZN       INR4D0         1   2.4   96   +95    1550 R 
g159014__7410/B3                                      +0    1550   
g159014__7410/ZN       IND4D0         1   2.4   91   +72    1622 F 
g159009__9945/C                                       +0    1622   
g159009__9945/ZN       AOI221D0       1   2.5  151  +125    1748 R 
g159008__9315/C                                       +0    1748   
g159008__9315/ZN       OAI221D0       1   2.7  106   +88    1836 F 
addin_next_reg[0]/D    DFCNQD1                        +0    1836   
addin_next_reg[0]/CP   setup                     0   +20    1855 R 
-------------------------------------------------------------------
Timing slack :  UNCONSTRAINED
Start-point  : channel_counter/count_reg[1]/CP
End-point    : addin_next_reg[0]/D

